2024-04-10 15:15:50.170  INFO 10056 --- [restartedMain] cn.c.CsxApplication                      : Starting CsxApplication using Java 1.8.0_401 on DESKTOP-8ERIB3L with PID 10056 (E:\毕设\教评系统\springboot\target\classes started by Na in E:\毕设\教评系统)
2024-04-10 15:15:50.191  INFO 10056 --- [restartedMain] cn.c.CsxApplication                      : No active profile set, falling back to 1 default profile: "default"
2024-04-10 15:15:50.241  INFO 10056 --- [restartedMain] .e.DevToolsPropertyDefaultsPostProcessor : Devtools property defaults active! Set 'spring.devtools.add-properties' to 'false' to disable
2024-04-10 15:15:50.241  INFO 10056 --- [restartedMain] .e.DevToolsPropertyDefaultsPostProcessor : For additional web related logging consider setting the 'logging.level.web' property to 'DEBUG'
2024-04-10 15:15:51.396  INFO 10056 --- [restartedMain] .s.d.r.c.RepositoryConfigurationDelegate : Multiple Spring Data modules found, entering strict repository configuration mode
2024-04-10 15:15:51.396  INFO 10056 --- [restartedMain] .s.d.r.c.RepositoryConfigurationDelegate : Bootstrapping Spring Data JPA repositories in DEFAULT mode.
2024-04-10 15:15:51.486  INFO 10056 --- [restartedMain] .s.d.r.c.RepositoryConfigurationDelegate : Finished Spring Data repository scanning in 83 ms. Found 1 JPA repository interfaces.
2024-04-10 15:15:51.495  INFO 10056 --- [restartedMain] .s.d.r.c.RepositoryConfigurationDelegate : Multiple Spring Data modules found, entering strict repository configuration mode
2024-04-10 15:15:51.496  INFO 10056 --- [restartedMain] .s.d.r.c.RepositoryConfigurationDelegate : Bootstrapping Spring Data Redis repositories in DEFAULT mode.
2024-04-10 15:15:51.515  INFO 10056 --- [restartedMain] .RepositoryConfigurationExtensionSupport : Spring Data Redis - Could not safely identify store assignment for repository candidate interface cn.c.data.dao.LogDao; If you want this repository to be a Redis repository, consider annotating your entities with one of these annotations: org.springframework.data.redis.core.RedisHash (preferred), or consider extending one of the following types with your repository: org.springframework.data.keyvalue.repository.KeyValueRepository
2024-04-10 15:15:51.516  INFO 10056 --- [restartedMain] .s.d.r.c.RepositoryConfigurationDelegate : Finished Spring Data repository scanning in 12 ms. Found 0 Redis repository interfaces.
2024-04-10 15:15:51.665  INFO 10056 --- [restartedMain] faultConfiguringBeanFactoryPostProcessor : No bean named 'errorChannel' has been explicitly defined. Therefore, a default PublishSubscribeChannel will be created.
2024-04-10 15:15:51.674  INFO 10056 --- [restartedMain] faultConfiguringBeanFactoryPostProcessor : No bean named 'integrationHeaderChannelRegistry' has been explicitly defined. Therefore, a default DefaultHeaderChannelRegistry will be created.
2024-04-10 15:15:52.086  INFO 10056 --- [restartedMain] trationDelegate$BeanPostProcessorChecker : Bean 'redisExceptionThrowsConfig' of type [cn.c.basics.redis.RedisExceptionThrowsConfig$$EnhancerBySpringCGLIB$$e3e20dd4] is not eligible for getting processed by all BeanPostProcessors (for example: not eligible for auto-proxying)
2024-04-10 15:15:52.135  INFO 10056 --- [restartedMain] trationDelegate$BeanPostProcessorChecker : Bean 'org.springframework.integration.config.IntegrationManagementConfiguration' of type [org.springframework.integration.config.IntegrationManagementConfiguration] is not eligible for getting processed by all BeanPostProcessors (for example: not eligible for auto-proxying)
2024-04-10 15:15:52.144  INFO 10056 --- [restartedMain] trationDelegate$BeanPostProcessorChecker : Bean 'integrationChannelResolver' of type [org.springframework.integration.support.channel.BeanFactoryChannelResolver] is not eligible for getting processed by all BeanPostProcessors (for example: not eligible for auto-proxying)
2024-04-10 15:15:52.518  INFO 10056 --- [restartedMain] o.s.b.w.embedded.tomcat.TomcatWebServer  : Tomcat initialized with port(s): 9090 (http)
2024-04-10 15:15:52.526  INFO 10056 --- [restartedMain] o.apache.catalina.core.StandardService   : Starting service [Tomcat]
2024-04-10 15:15:52.526  INFO 10056 --- [restartedMain] org.apache.catalina.core.StandardEngine  : Starting Servlet engine: [Apache Tomcat/9.0.68]
2024-04-10 15:15:52.621  INFO 10056 --- [restartedMain] o.a.c.c.C.[Tomcat].[localhost].[/]       : Initializing Spring embedded WebApplicationContext
2024-04-10 15:15:52.621  INFO 10056 --- [restartedMain] w.s.c.ServletWebServerApplicationContext : Root WebApplicationContext: initialization completed in 2379 ms
2024-04-10 15:15:52.724  INFO 10056 --- [restartedMain] c.a.d.s.b.a.DruidDataSourceAutoConfigure : Init DruidDataSource
2024-04-10 15:15:52.860  INFO 10056 --- [restartedMain] com.alibaba.druid.pool.DruidDataSource   : {dataSource-1} inited
2024-04-10 15:15:53.272  INFO 10056 --- [restartedMain] org.redisson.Version                     : Redisson 3.17.7
2024-04-10 15:15:54.408  INFO 10056 --- [redisson-netty-2-5] o.r.c.pool.MasterPubSubConnectionPool    : 1 connections initialized for 127.0.0.1/127.0.0.1:6379
2024-04-10 15:15:54.450  INFO 10056 --- [redisson-netty-2-19] o.r.c.pool.MasterConnectionPool          : 24 connections initialized for 127.0.0.1/127.0.0.1:6379
2024-04-10 15:15:55.479  INFO 10056 --- [restartedMain] c.c.basics.baseClass.BeansConfiguration  : 初始化PathMatcher成功
2024-04-10 15:15:55.485  WARN 10056 --- [restartedMain] c.c.b.s.p.MyFilterSecurityInterceptor    : Could not validate configuration attributes as the SecurityMetadataSource did not return any attributes from getAllConfigAttributes()
2024-04-10 15:15:55.644  INFO 10056 --- [restartedMain] o.hibernate.jpa.internal.util.LogHelper  : HHH000204: Processing PersistenceUnitInfo [name: default]
2024-04-10 15:15:55.686  INFO 10056 --- [restartedMain] org.hibernate.Version                    : HHH000412: Hibernate ORM core version 5.6.12.Final
2024-04-10 15:15:55.999  INFO 10056 --- [restartedMain] o.hibernate.annotations.common.Version   : HCANN000001: Hibernate Commons Annotations {5.1.2.Final}
2024-04-10 15:15:56.695  INFO 10056 --- [restartedMain] org.hibernate.dialect.Dialect            : HHH000400: Using dialect: org.hibernate.dialect.MySQL8Dialect
2024-04-10 15:15:57.473  INFO 10056 --- [restartedMain] o.h.e.t.j.p.i.JtaPlatformInitiator       : HHH000490: Using JtaPlatform implementation: [org.hibernate.engine.transaction.jta.platform.internal.NoJtaPlatform]
2024-04-10 15:15:57.482  INFO 10056 --- [restartedMain] j.LocalContainerEntityManagerFactoryBean : Initialized JPA EntityManagerFactory for persistence unit 'default'
2024-04-10 15:15:57.964  WARN 10056 --- [restartedMain] JpaBaseConfiguration$JpaWebConfiguration : spring.jpa.open-in-view is enabled by default. Therefore, database queries may be performed during view rendering. Explicitly configure spring.jpa.open-in-view to disable this warning
2024-04-10 15:15:58.622  INFO 10056 --- [restartedMain] c.c.basics.baseClass.BeansConfiguration  : 初始化线程池成功
2024-04-10 15:15:58.907  INFO 10056 --- [restartedMain] c.c.basics.redis.InterceptConfiguration  : 拦截器加载成功
2024-04-10 15:15:59.693  INFO 10056 --- [restartedMain] o.s.b.a.e.web.EndpointLinksResolver      : Exposing 1 endpoint(s) beneath base path '/actuator'
2024-04-10 15:15:59.722  INFO 10056 --- [restartedMain] o.s.s.web.DefaultSecurityFilterChain     : Will secure any request with [org.springframework.security.web.session.DisableEncodeUrlFilter@96cc8a6, org.springframework.security.web.context.request.async.WebAsyncManagerIntegrationFilter@34613485, org.springframework.security.web.context.SecurityContextPersistenceFilter@173fce3d, org.springframework.security.web.header.HeaderWriterFilter@2f0b24d3, org.springframework.web.filter.CorsFilter@141ed61b, org.springframework.security.web.authentication.logout.LogoutFilter@180f714b, cn.c.basics.security.validate.ImageValidateFilter$$EnhancerBySpringCGLIB$$6dbb2ee7@3b9a7ef5, org.springframework.security.web.authentication.UsernamePasswordAuthenticationFilter@3264d035, cn.c.basics.security.jwt.JwtRoleFilter@567a538c, org.springframework.security.web.savedrequest.RequestCacheAwareFilter@2da76931, org.springframework.security.web.servletapi.SecurityContextHolderAwareRequestFilter@4ab1ac92, org.springframework.security.web.authentication.AnonymousAuthenticationFilter@39bc881d, org.springframework.security.web.session.SessionManagementFilter@2001f85e, org.springframework.security.web.access.ExceptionTranslationFilter@65223dcc, cn.c.basics.security.permission.MyFilterSecurityInterceptor@7d499f46, org.springframework.security.web.access.intercept.FilterSecurityInterceptor@5cc74970]
2024-04-10 15:15:59.778  INFO 10056 --- [restartedMain] o.s.b.d.a.OptionalLiveReloadServer       : LiveReload server is running on port 35729
2024-04-10 15:15:59.971  INFO 10056 --- [restartedMain] o.s.i.endpoint.EventDrivenConsumer       : Adding {logging-channel-adapter:_org.springframework.integration.errorLogger} as a subscriber to the 'errorChannel' channel
2024-04-10 15:15:59.972  INFO 10056 --- [restartedMain] o.s.i.channel.PublishSubscribeChannel    : Channel 'application.errorChannel' has 1 subscriber(s).
2024-04-10 15:15:59.972  INFO 10056 --- [restartedMain] o.s.i.endpoint.EventDrivenConsumer       : started bean '_org.springframework.integration.errorLogger'
2024-04-10 15:15:59.982  INFO 10056 --- [restartedMain] o.s.b.w.embedded.tomcat.TomcatWebServer  : Tomcat started on port(s): 9090 (http) with context path ''
2024-04-10 15:16:00.024  INFO 10056 --- [restartedMain] cn.c.CsxApplication                      : Started CsxApplication in 10.388 seconds (JVM running for 11.603)
2024-04-10 15:16:01.579  INFO 10056 --- [RMI TCP Connection(4)-192.168.56.1] o.a.c.c.C.[Tomcat].[localhost].[/]       : Initializing Spring DispatcherServlet 'dispatcherServlet'
2024-04-10 15:16:01.579  INFO 10056 --- [RMI TCP Connection(4)-192.168.56.1] o.s.web.servlet.DispatcherServlet        : Initializing Servlet 'dispatcherServlet'
2024-04-10 15:16:01.582  INFO 10056 --- [RMI TCP Connection(4)-192.168.56.1] o.s.web.servlet.DispatcherServlet        : Completed initialization in 3 ms
2024-04-10 18:05:04.579  WARN 10056 --- [http-nio-9090-exec-2] c.c.b.s.p.MyFilterSecurityInterceptor    : org.springframework.web.util.NestedServletException: Request processing failed; nested exception is java.lang.NullPointerException
2024-04-10 21:17:44.834  WARN 10056 --- [http-nio-9090-exec-26] o.s.s.c.bcrypt.BCryptPasswordEncoder     : Empty encoded password
